Flow report for uart_receive
Mon Dec 12 20:46:45 2022
Quartus II Version 9.1 Build 350 03/24/2010 Service Pack 2 SJ Web Edition


---------------------
; Table of Contents ;
---------------------
  1. Legal Notice
  2. Flow Summary
  3. Flow Settings
  4. Flow Non-Default Global Settings
  5. Flow Elapsed Time
  6. Flow OS Summary
  7. Flow Log



----------------
; Legal Notice ;
----------------
Copyright (C) 1991-2010 Altera Corporation
Your use of Altera Corporation's design tools, logic functions 
and other software and tools, and its AMPP partner logic 
functions, and any output files from any of the foregoing 
(including device programming or simulation files), and any 
associated documentation or information are expressly subject 
to the terms and conditions of the Altera Program License 
Subscription Agreement, Altera MegaCore Function License 
Agreement, or other applicable license agreement, including, 
without limitation, that your use is for the sole purpose of 
programming logic devices manufactured by Altera and sold by 
Altera or its authorized distributors.  Please refer to the 
applicable agreement for further details.



+-----------------------------------------------------------------------------------+
; Flow Summary                                                                      ;
+------------------------------------+----------------------------------------------+
; Flow Status                        ; Successful - Mon Dec 12 20:46:43 2022        ;
; Quartus II Version                 ; 9.1 Build 350 03/24/2010 SP 2 SJ Web Edition ;
; Revision Name                      ; uart_receive                                 ;
; Top-level Entity Name              ; uart_receiver                                ;
; Family                             ; Cyclone IV E                                 ;
; Device                             ; EP4CE6E22C8                                  ;
; Timing Models                      ; Preliminary                                  ;
; Met timing requirements            ; N/A                                          ;
; Total logic elements               ; 93 / 6,272 ( 1 % )                           ;
;     Total combinational functions  ; 93 / 6,272 ( 1 % )                           ;
;     Dedicated logic registers      ; 45 / 6,272 ( < 1 % )                         ;
; Total registers                    ; 45                                           ;
; Total pins                         ; 4 / 92 ( 4 % )                               ;
; Total virtual pins                 ; 0                                            ;
; Total memory bits                  ; 0 / 276,480 ( 0 % )                          ;
; Embedded Multiplier 9-bit elements ; 0 / 30 ( 0 % )                               ;
; Total PLLs                         ; 0 / 2 ( 0 % )                                ;
+------------------------------------+----------------------------------------------+


+-----------------------------------------+
; Flow Settings                           ;
+-------------------+---------------------+
; Option            ; Setting             ;
+-------------------+---------------------+
; Start date & time ; 12/12/2022 20:46:28 ;
; Main task         ; Compilation         ;
; Revision Name     ; uart_receive        ;
+-------------------+---------------------+


+--------------------------------------------------------------------------------------------------------------------------------------------------------------------------------------------------------------------+
; Flow Non-Default Global Settings                                                                                                                                                                                   ;
+------------------------------------+------------------------------------------------------------------------------------------------------------------------------+---------------+---------------+----------------+
; Assignment Name                    ; Value                                                                                                                        ; Default Value ; Entity Name   ; Section Id     ;
+------------------------------------+------------------------------------------------------------------------------------------------------------------------------+---------------+---------------+----------------+
; COMPILER_SIGNATURE_ID              ; 264403975407346.167085278700544                                                                                              ; --            ; --            ; --             ;
; MAX_CORE_JUNCTION_TEMP             ; 85                                                                                                                           ; --            ; --            ; --             ;
; MIN_CORE_JUNCTION_TEMP             ; 0                                                                                                                            ; --            ; --            ; --             ;
; MISC_FILE                          ; C:/Users/sidar/OneDrive - Institut Teknologi Bandung/Documents/Kuliah SMT 7/KorDas SisDig/UART/UART_receive/uart_receive.dpf ; --            ; --            ; --             ;
; PARTITION_COLOR                    ; 16764057                                                                                                                     ; --            ; uart_receiver ; Top            ;
; PARTITION_NETLIST_TYPE             ; SOURCE                                                                                                                       ; --            ; uart_receiver ; Top            ;
; TOP_LEVEL_ENTITY                   ; uart_receiver                                                                                                                ; uart_receive  ; --            ; --             ;
; USE_GENERATED_PHYSICAL_CONSTRAINTS ; Off                                                                                                                          ; --            ; --            ; eda_blast_fpga ;
+------------------------------------+------------------------------------------------------------------------------------------------------------------------------+---------------+---------------+----------------+


+-------------------------------------------------------------------------------------------------------------------------------+
; Flow Elapsed Time                                                                                                             ;
+---------------------------+--------------+-------------------------+---------------------+------------------------------------+
; Module Name               ; Elapsed Time ; Average Processors Used ; Peak Virtual Memory ; Total CPU Time (on all processors) ;
+---------------------------+--------------+-------------------------+---------------------+------------------------------------+
; Analysis & Synthesis      ; 00:00:04     ; 1.0                     ; 241 MB              ; 00:00:04                           ;
; Fitter                    ; 00:00:07     ; 1.0                     ; 266 MB              ; 00:00:07                           ;
; TimeQuest Timing Analyzer ; 00:00:04     ; 1.0                     ; 236 MB              ; 00:00:03                           ;
; Assembler                 ; 00:00:02     ; 1.0                     ; 207 MB              ; 00:00:01                           ;
; Total                     ; 00:00:15     ; --                      ; --                  ; 00:00:14                           ;
+---------------------------+--------------+-------------------------+---------------------+------------------------------------+


+--------------------------------------------------------------------------------------------+
; Flow OS Summary                                                                            ;
+---------------------------+------------------+---------------+------------+----------------+
; Module Name               ; Machine Hostname ; OS Name       ; OS Version ; Processor type ;
+---------------------------+------------------+---------------+------------+----------------+
; Analysis & Synthesis      ; DESKTOP-FV8R8E7  ; Windows Vista ; 6.2        ; x86_64         ;
; Fitter                    ; DESKTOP-FV8R8E7  ; Windows Vista ; 6.2        ; x86_64         ;
; Assembler                 ; DESKTOP-FV8R8E7  ; Windows Vista ; 6.2        ; x86_64         ;
; TimeQuest Timing Analyzer ; DESKTOP-FV8R8E7  ; Windows Vista ; 6.2        ; x86_64         ;
+---------------------------+------------------+---------------+------------+----------------+


------------
; Flow Log ;
------------
quartus_map --read_settings_files=on --write_settings_files=off uart_receive -c uart_receive
quartus_fit --read_settings_files=off --write_settings_files=off uart_receive -c uart_receive
quartus_asm --read_settings_files=off --write_settings_files=off uart_receive -c uart_receive
quartus_sta uart_receive -c uart_receive



